Determining if the pthread_create exist failed with the following output:
Change Dir: /home/vinit/gym-vinit/build/CMakeFiles/CMakeTmp

Run Build Command:/usr/bin/make "cmTryCompileExec979097425/fast"
/usr/bin/make -f CMakeFiles/cmTryCompileExec979097425.dir/build.make CMakeFiles/cmTryCompileExec979097425.dir/build
make[1]: Entering directory `/home/vinit/gym-vinit/build/CMakeFiles/CMakeTmp'
/usr/bin/cmake -E cmake_progress_report /home/vinit/gym-vinit/build/CMakeFiles/CMakeTmp/CMakeFiles 1
Building C object CMakeFiles/cmTryCompileExec979097425.dir/CheckSymbolExists.c.o
/usr/bin/cc    -o CMakeFiles/cmTryCompileExec979097425.dir/CheckSymbolExists.c.o   -c /home/vinit/gym-vinit/build/CMakeFiles/CMakeTmp/CheckSymbolExists.c
Linking C executable cmTryCompileExec979097425
/usr/bin/cmake -E cmake_link_script CMakeFiles/cmTryCompileExec979097425.dir/link.txt --verbose=1
/usr/bin/cc       CMakeFiles/cmTryCompileExec979097425.dir/CheckSymbolExists.c.o  -o cmTryCompileExec979097425 -rdynamic 
CMakeFiles/cmTryCompileExec979097425.dir/CheckSymbolExists.c.o: In function `main':
CheckSymbolExists.c:(.text+0x16): undefined reference to `pthread_create'
collect2: error: ld returned 1 exit status
make[1]: *** [cmTryCompileExec979097425] Error 1
make[1]: Leaving directory `/home/vinit/gym-vinit/build/CMakeFiles/CMakeTmp'
make: *** [cmTryCompileExec979097425/fast] Error 2

File /home/vinit/gym-vinit/build/CMakeFiles/CMakeTmp/CheckSymbolExists.c:
/* */
#include <pthread.h>

int main(int argc, char** argv)
{
  (void)argv;
#ifndef pthread_create
  return ((int*)(&pthread_create))[argc];
#else
  (void)argc;
  return 0;
#endif
}

Determining if the function pthread_create exists in the pthreads failed with the following output:
Change Dir: /home/vinit/gym-vinit/build/CMakeFiles/CMakeTmp

Run Build Command:/usr/bin/make "cmTryCompileExec669700883/fast"
/usr/bin/make -f CMakeFiles/cmTryCompileExec669700883.dir/build.make CMakeFiles/cmTryCompileExec669700883.dir/build
make[1]: Entering directory `/home/vinit/gym-vinit/build/CMakeFiles/CMakeTmp'
/usr/bin/cmake -E cmake_progress_report /home/vinit/gym-vinit/build/CMakeFiles/CMakeTmp/CMakeFiles 1
Building C object CMakeFiles/cmTryCompileExec669700883.dir/CheckFunctionExists.c.o
/usr/bin/cc   -DCHECK_FUNCTION_EXISTS=pthread_create   -o CMakeFiles/cmTryCompileExec669700883.dir/CheckFunctionExists.c.o   -c /usr/share/cmake-2.8/Modules/CheckFunctionExists.c
Linking C executable cmTryCompileExec669700883
/usr/bin/cmake -E cmake_link_script CMakeFiles/cmTryCompileExec669700883.dir/link.txt --verbose=1
/usr/bin/cc   -DCHECK_FUNCTION_EXISTS=pthread_create    CMakeFiles/cmTryCompileExec669700883.dir/CheckFunctionExists.c.o  -o cmTryCompileExec669700883 -rdynamic -lpthreads 
/usr/bin/ld: cannot find -lpthreads
collect2: error: ld returned 1 exit status
make[1]: *** [cmTryCompileExec669700883] Error 1
make[1]: Leaving directory `/home/vinit/gym-vinit/build/CMakeFiles/CMakeTmp'
make: *** [cmTryCompileExec669700883/fast] Error 2


